<?xml version="1.0" encoding="UTF-8"?>
<testsuite xmlns:xsi="http://www.w3.org/2001/XMLSchema-instance" xsi:noNamespaceSchemaLocation="https://maven.apache.org/surefire/maven-surefire-plugin/xsd/surefire-test-report.xsd" name="com.bolsadeideas.springboot.app.SpringBootWebDataJpaApplicationTests" time="0.847" tests="1" errors="1" skipped="0" failures="0">
  <properties>
    <property name="sun.desktop" value="gnome"/>
    <property name="awt.toolkit" value="sun.awt.X11.XToolkit"/>
    <property name="file.encoding.pkg" value="sun.io"/>
    <property name="java.specification.version" value="1.8"/>
    <property name="sun.cpu.isalist" value=""/>
    <property name="sun.jnu.encoding" value="UTF-8"/>
    <property name="java.class.path" value="/home/roymer/Escritorio/Curso Udemy/workspace/spring-boot-web-data-jpa/target/test-classes:/home/roymer/Escritorio/Curso Udemy/workspace/spring-boot-web-data-jpa/target/classes:/home/roymer/.m2/repository/org/springframework/boot/spring-boot-starter-data-jpa/2.3.0.RELEASE/spring-boot-starter-data-jpa-2.3.0.RELEASE.jar:/home/roymer/.m2/repository/org/springframework/boot/spring-boot-starter-aop/2.3.0.RELEASE/spring-boot-starter-aop-2.3.0.RELEASE.jar:/home/roymer/.m2/repository/org/springframework/spring-aop/5.2.6.RELEASE/spring-aop-5.2.6.RELEASE.jar:/home/roymer/.m2/repository/org/aspectj/aspectjweaver/1.9.5/aspectjweaver-1.9.5.jar:/home/roymer/.m2/repository/org/springframework/boot/spring-boot-starter-jdbc/2.3.0.RELEASE/spring-boot-starter-jdbc-2.3.0.RELEASE.jar:/home/roymer/.m2/repository/com/zaxxer/HikariCP/3.4.5/HikariCP-3.4.5.jar:/home/roymer/.m2/repository/org/springframework/spring-jdbc/5.2.6.RELEASE/spring-jdbc-5.2.6.RELEASE.jar:/home/roymer/.m2/repository/jakarta/transaction/jakarta.transaction-api/1.3.3/jakarta.transaction-api-1.3.3.jar:/home/roymer/.m2/repository/jakarta/persistence/jakarta.persistence-api/2.2.3/jakarta.persistence-api-2.2.3.jar:/home/roymer/.m2/repository/org/hibernate/hibernate-core/5.4.15.Final/hibernate-core-5.4.15.Final.jar:/home/roymer/.m2/repository/org/jboss/logging/jboss-logging/3.4.1.Final/jboss-logging-3.4.1.Final.jar:/home/roymer/.m2/repository/org/javassist/javassist/3.24.0-GA/javassist-3.24.0-GA.jar:/home/roymer/.m2/repository/net/bytebuddy/byte-buddy/1.10.10/byte-buddy-1.10.10.jar:/home/roymer/.m2/repository/antlr/antlr/2.7.7/antlr-2.7.7.jar:/home/roymer/.m2/repository/org/jboss/jandex/2.1.3.Final/jandex-2.1.3.Final.jar:/home/roymer/.m2/repository/com/fasterxml/classmate/1.5.1/classmate-1.5.1.jar:/home/roymer/.m2/repository/org/dom4j/dom4j/2.1.3/dom4j-2.1.3.jar:/home/roymer/.m2/repository/org/hibernate/common/hibernate-commons-annotations/5.1.0.Final/hibernate-commons-annotations-5.1.0.Final.jar:/home/roymer/.m2/repository/org/glassfish/jaxb/jaxb-runtime/2.3.3/jaxb-runtime-2.3.3.jar:/home/roymer/.m2/repository/org/glassfish/jaxb/txw2/2.3.3/txw2-2.3.3.jar:/home/roymer/.m2/repository/com/sun/istack/istack-commons-runtime/3.0.11/istack-commons-runtime-3.0.11.jar:/home/roymer/.m2/repository/com/sun/activation/jakarta.activation/1.2.2/jakarta.activation-1.2.2.jar:/home/roymer/.m2/repository/org/springframework/data/spring-data-jpa/2.3.0.RELEASE/spring-data-jpa-2.3.0.RELEASE.jar:/home/roymer/.m2/repository/org/springframework/data/spring-data-commons/2.3.0.RELEASE/spring-data-commons-2.3.0.RELEASE.jar:/home/roymer/.m2/repository/org/springframework/spring-orm/5.2.6.RELEASE/spring-orm-5.2.6.RELEASE.jar:/home/roymer/.m2/repository/org/springframework/spring-beans/5.2.6.RELEASE/spring-beans-5.2.6.RELEASE.jar:/home/roymer/.m2/repository/org/slf4j/slf4j-api/1.7.30/slf4j-api-1.7.30.jar:/home/roymer/.m2/repository/org/springframework/spring-aspects/5.2.6.RELEASE/spring-aspects-5.2.6.RELEASE.jar:/home/roymer/.m2/repository/org/springframework/boot/spring-boot-starter-web/2.3.0.RELEASE/spring-boot-starter-web-2.3.0.RELEASE.jar:/home/roymer/.m2/repository/org/springframework/boot/spring-boot-starter/2.3.0.RELEASE/spring-boot-starter-2.3.0.RELEASE.jar:/home/roymer/.m2/repository/org/springframework/boot/spring-boot/2.3.0.RELEASE/spring-boot-2.3.0.RELEASE.jar:/home/roymer/.m2/repository/org/springframework/boot/spring-boot-autoconfigure/2.3.0.RELEASE/spring-boot-autoconfigure-2.3.0.RELEASE.jar:/home/roymer/.m2/repository/org/springframework/boot/spring-boot-starter-logging/2.3.0.RELEASE/spring-boot-starter-logging-2.3.0.RELEASE.jar:/home/roymer/.m2/repository/ch/qos/logback/logback-classic/1.2.3/logback-classic-1.2.3.jar:/home/roymer/.m2/repository/ch/qos/logback/logback-core/1.2.3/logback-core-1.2.3.jar:/home/roymer/.m2/repository/org/apache/logging/log4j/log4j-to-slf4j/2.13.2/log4j-to-slf4j-2.13.2.jar:/home/roymer/.m2/repository/org/apache/logging/log4j/log4j-api/2.13.2/log4j-api-2.13.2.jar:/home/roymer/.m2/repository/org/slf4j/jul-to-slf4j/1.7.30/jul-to-slf4j-1.7.30.jar:/home/roymer/.m2/repository/jakarta/annotation/jakarta.annotation-api/1.3.5/jakarta.annotation-api-1.3.5.jar:/home/roymer/.m2/repository/org/yaml/snakeyaml/1.26/snakeyaml-1.26.jar:/home/roymer/.m2/repository/org/springframework/boot/spring-boot-starter-json/2.3.0.RELEASE/spring-boot-starter-json-2.3.0.RELEASE.jar:/home/roymer/.m2/repository/com/fasterxml/jackson/core/jackson-databind/2.11.0/jackson-databind-2.11.0.jar:/home/roymer/.m2/repository/com/fasterxml/jackson/core/jackson-annotations/2.11.0/jackson-annotations-2.11.0.jar:/home/roymer/.m2/repository/com/fasterxml/jackson/datatype/jackson-datatype-jdk8/2.11.0/jackson-datatype-jdk8-2.11.0.jar:/home/roymer/.m2/repository/com/fasterxml/jackson/datatype/jackson-datatype-jsr310/2.11.0/jackson-datatype-jsr310-2.11.0.jar:/home/roymer/.m2/repository/com/fasterxml/jackson/module/jackson-module-parameter-names/2.11.0/jackson-module-parameter-names-2.11.0.jar:/home/roymer/.m2/repository/org/springframework/boot/spring-boot-starter-tomcat/2.3.0.RELEASE/spring-boot-starter-tomcat-2.3.0.RELEASE.jar:/home/roymer/.m2/repository/org/apache/tomcat/embed/tomcat-embed-core/9.0.35/tomcat-embed-core-9.0.35.jar:/home/roymer/.m2/repository/org/glassfish/jakarta.el/3.0.3/jakarta.el-3.0.3.jar:/home/roymer/.m2/repository/org/apache/tomcat/embed/tomcat-embed-websocket/9.0.35/tomcat-embed-websocket-9.0.35.jar:/home/roymer/.m2/repository/org/springframework/spring-web/5.2.6.RELEASE/spring-web-5.2.6.RELEASE.jar:/home/roymer/.m2/repository/org/springframework/spring-webmvc/5.2.6.RELEASE/spring-webmvc-5.2.6.RELEASE.jar:/home/roymer/.m2/repository/org/springframework/spring-expression/5.2.6.RELEASE/spring-expression-5.2.6.RELEASE.jar:/home/roymer/.m2/repository/com/fasterxml/jackson/core/jackson-core/2.11.0/jackson-core-2.11.0.jar:/home/roymer/.m2/repository/org/springframework/kafka/spring-kafka/2.5.0.RELEASE/spring-kafka-2.5.0.RELEASE.jar:/home/roymer/.m2/repository/org/springframework/spring-context/5.2.6.RELEASE/spring-context-5.2.6.RELEASE.jar:/home/roymer/.m2/repository/org/springframework/spring-messaging/5.2.6.RELEASE/spring-messaging-5.2.6.RELEASE.jar:/home/roymer/.m2/repository/org/springframework/spring-tx/5.2.6.RELEASE/spring-tx-5.2.6.RELEASE.jar:/home/roymer/.m2/repository/org/springframework/retry/spring-retry/1.2.5.RELEASE/spring-retry-1.2.5.RELEASE.jar:/home/roymer/.m2/repository/org/apache/kafka/kafka-clients/2.5.0/kafka-clients-2.5.0.jar:/home/roymer/.m2/repository/com/github/luben/zstd-jni/1.4.4-7/zstd-jni-1.4.4-7.jar:/home/roymer/.m2/repository/org/lz4/lz4-java/1.7.1/lz4-java-1.7.1.jar:/home/roymer/.m2/repository/org/xerial/snappy/snappy-java/1.1.7.3/snappy-java-1.1.7.3.jar:/home/roymer/.m2/repository/org/projectlombok/lombok/1.18.12/lombok-1.18.12.jar:/home/roymer/.m2/repository/com/h2database/h2/1.4.200/h2-1.4.200.jar:/home/roymer/.m2/repository/com/oracle/ojdbc/ojdbc8/19.3.0.0/ojdbc8-19.3.0.0.jar:/home/roymer/.m2/repository/com/oracle/ojdbc/ucp/19.3.0.0/ucp-19.3.0.0.jar:/home/roymer/.m2/repository/com/oracle/ojdbc/oraclepki/19.3.0.0/oraclepki-19.3.0.0.jar:/home/roymer/.m2/repository/com/oracle/ojdbc/osdt_cert/19.3.0.0/osdt_cert-19.3.0.0.jar:/home/roymer/.m2/repository/com/oracle/ojdbc/osdt_core/19.3.0.0/osdt_core-19.3.0.0.jar:/home/roymer/.m2/repository/com/oracle/ojdbc/simplefan/19.3.0.0/simplefan-19.3.0.0.jar:/home/roymer/.m2/repository/com/oracle/ojdbc/ons/19.3.0.0/ons-19.3.0.0.jar:/home/roymer/.m2/repository/org/springframework/boot/spring-boot-starter-test/2.3.0.RELEASE/spring-boot-starter-test-2.3.0.RELEASE.jar:/home/roymer/.m2/repository/org/springframework/boot/spring-boot-test/2.3.0.RELEASE/spring-boot-test-2.3.0.RELEASE.jar:/home/roymer/.m2/repository/org/springframework/boot/spring-boot-test-autoconfigure/2.3.0.RELEASE/spring-boot-test-autoconfigure-2.3.0.RELEASE.jar:/home/roymer/.m2/repository/com/jayway/jsonpath/json-path/2.4.0/json-path-2.4.0.jar:/home/roymer/.m2/repository/net/minidev/json-smart/2.3/json-smart-2.3.jar:/home/roymer/.m2/repository/net/minidev/accessors-smart/1.2/accessors-smart-1.2.jar:/home/roymer/.m2/repository/org/ow2/asm/asm/5.0.4/asm-5.0.4.jar:/home/roymer/.m2/repository/jakarta/xml/bind/jakarta.xml.bind-api/2.3.3/jakarta.xml.bind-api-2.3.3.jar:/home/roymer/.m2/repository/jakarta/activation/jakarta.activation-api/1.2.2/jakarta.activation-api-1.2.2.jar:/home/roymer/.m2/repository/org/assertj/assertj-core/3.16.1/assertj-core-3.16.1.jar:/home/roymer/.m2/repository/org/hamcrest/hamcrest/2.2/hamcrest-2.2.jar:/home/roymer/.m2/repository/org/junit/jupiter/junit-jupiter/5.6.2/junit-jupiter-5.6.2.jar:/home/roymer/.m2/repository/org/junit/jupiter/junit-jupiter-api/5.6.2/junit-jupiter-api-5.6.2.jar:/home/roymer/.m2/repository/org/apiguardian/apiguardian-api/1.1.0/apiguardian-api-1.1.0.jar:/home/roymer/.m2/repository/org/opentest4j/opentest4j/1.2.0/opentest4j-1.2.0.jar:/home/roymer/.m2/repository/org/junit/platform/junit-platform-commons/1.6.2/junit-platform-commons-1.6.2.jar:/home/roymer/.m2/repository/org/junit/jupiter/junit-jupiter-params/5.6.2/junit-jupiter-params-5.6.2.jar:/home/roymer/.m2/repository/org/junit/jupiter/junit-jupiter-engine/5.6.2/junit-jupiter-engine-5.6.2.jar:/home/roymer/.m2/repository/org/junit/platform/junit-platform-engine/1.6.2/junit-platform-engine-1.6.2.jar:/home/roymer/.m2/repository/org/mockito/mockito-core/3.3.3/mockito-core-3.3.3.jar:/home/roymer/.m2/repository/net/bytebuddy/byte-buddy-agent/1.10.10/byte-buddy-agent-1.10.10.jar:/home/roymer/.m2/repository/org/objenesis/objenesis/2.6/objenesis-2.6.jar:/home/roymer/.m2/repository/org/mockito/mockito-junit-jupiter/3.3.3/mockito-junit-jupiter-3.3.3.jar:/home/roymer/.m2/repository/org/skyscreamer/jsonassert/1.5.0/jsonassert-1.5.0.jar:/home/roymer/.m2/repository/com/vaadin/external/google/android-json/0.0.20131108.vaadin1/android-json-0.0.20131108.vaadin1.jar:/home/roymer/.m2/repository/org/springframework/spring-core/5.2.6.RELEASE/spring-core-5.2.6.RELEASE.jar:/home/roymer/.m2/repository/org/springframework/spring-jcl/5.2.6.RELEASE/spring-jcl-5.2.6.RELEASE.jar:/home/roymer/.m2/repository/org/springframework/spring-test/5.2.6.RELEASE/spring-test-5.2.6.RELEASE.jar:/home/roymer/.m2/repository/org/xmlunit/xmlunit-core/2.7.0/xmlunit-core-2.7.0.jar:"/>
    <property name="java.vm.vendor" value="Oracle Corporation"/>
    <property name="sun.arch.data.model" value="64"/>
    <property name="java.vendor.url" value="http://java.oracle.com/"/>
    <property name="user.timezone" value=""/>
    <property name="java.vm.specification.version" value="1.8"/>
    <property name="os.name" value="Linux"/>
    <property name="user.country" value="CL"/>
    <property name="sun.java.launcher" value="SUN_STANDARD"/>
    <property name="sun.boot.library.path" value="/home/roymer/Descargas/jdk/jdk-8u211-linux-x64/jdk1.8.0_211/jre/lib/amd64"/>
    <property name="sun.java.command" value="/home/roymer/Escritorio/Curso Udemy/workspace/spring-boot-web-data-jpa/target/surefire/surefirebooter2100748600750426660.jar /home/roymer/Escritorio/Curso Udemy/workspace/spring-boot-web-data-jpa/target/surefire 2020-05-25T11-05-49_375-jvmRun1 surefire984160907844724052tmp surefire_06820096784658332314tmp"/>
    <property name="surefire.test.class.path" value="/home/roymer/Escritorio/Curso Udemy/workspace/spring-boot-web-data-jpa/target/test-classes:/home/roymer/Escritorio/Curso Udemy/workspace/spring-boot-web-data-jpa/target/classes:/home/roymer/.m2/repository/org/springframework/boot/spring-boot-starter-data-jpa/2.3.0.RELEASE/spring-boot-starter-data-jpa-2.3.0.RELEASE.jar:/home/roymer/.m2/repository/org/springframework/boot/spring-boot-starter-aop/2.3.0.RELEASE/spring-boot-starter-aop-2.3.0.RELEASE.jar:/home/roymer/.m2/repository/org/springframework/spring-aop/5.2.6.RELEASE/spring-aop-5.2.6.RELEASE.jar:/home/roymer/.m2/repository/org/aspectj/aspectjweaver/1.9.5/aspectjweaver-1.9.5.jar:/home/roymer/.m2/repository/org/springframework/boot/spring-boot-starter-jdbc/2.3.0.RELEASE/spring-boot-starter-jdbc-2.3.0.RELEASE.jar:/home/roymer/.m2/repository/com/zaxxer/HikariCP/3.4.5/HikariCP-3.4.5.jar:/home/roymer/.m2/repository/org/springframework/spring-jdbc/5.2.6.RELEASE/spring-jdbc-5.2.6.RELEASE.jar:/home/roymer/.m2/repository/jakarta/transaction/jakarta.transaction-api/1.3.3/jakarta.transaction-api-1.3.3.jar:/home/roymer/.m2/repository/jakarta/persistence/jakarta.persistence-api/2.2.3/jakarta.persistence-api-2.2.3.jar:/home/roymer/.m2/repository/org/hibernate/hibernate-core/5.4.15.Final/hibernate-core-5.4.15.Final.jar:/home/roymer/.m2/repository/org/jboss/logging/jboss-logging/3.4.1.Final/jboss-logging-3.4.1.Final.jar:/home/roymer/.m2/repository/org/javassist/javassist/3.24.0-GA/javassist-3.24.0-GA.jar:/home/roymer/.m2/repository/net/bytebuddy/byte-buddy/1.10.10/byte-buddy-1.10.10.jar:/home/roymer/.m2/repository/antlr/antlr/2.7.7/antlr-2.7.7.jar:/home/roymer/.m2/repository/org/jboss/jandex/2.1.3.Final/jandex-2.1.3.Final.jar:/home/roymer/.m2/repository/com/fasterxml/classmate/1.5.1/classmate-1.5.1.jar:/home/roymer/.m2/repository/org/dom4j/dom4j/2.1.3/dom4j-2.1.3.jar:/home/roymer/.m2/repository/org/hibernate/common/hibernate-commons-annotations/5.1.0.Final/hibernate-commons-annotations-5.1.0.Final.jar:/home/roymer/.m2/repository/org/glassfish/jaxb/jaxb-runtime/2.3.3/jaxb-runtime-2.3.3.jar:/home/roymer/.m2/repository/org/glassfish/jaxb/txw2/2.3.3/txw2-2.3.3.jar:/home/roymer/.m2/repository/com/sun/istack/istack-commons-runtime/3.0.11/istack-commons-runtime-3.0.11.jar:/home/roymer/.m2/repository/com/sun/activation/jakarta.activation/1.2.2/jakarta.activation-1.2.2.jar:/home/roymer/.m2/repository/org/springframework/data/spring-data-jpa/2.3.0.RELEASE/spring-data-jpa-2.3.0.RELEASE.jar:/home/roymer/.m2/repository/org/springframework/data/spring-data-commons/2.3.0.RELEASE/spring-data-commons-2.3.0.RELEASE.jar:/home/roymer/.m2/repository/org/springframework/spring-orm/5.2.6.RELEASE/spring-orm-5.2.6.RELEASE.jar:/home/roymer/.m2/repository/org/springframework/spring-beans/5.2.6.RELEASE/spring-beans-5.2.6.RELEASE.jar:/home/roymer/.m2/repository/org/slf4j/slf4j-api/1.7.30/slf4j-api-1.7.30.jar:/home/roymer/.m2/repository/org/springframework/spring-aspects/5.2.6.RELEASE/spring-aspects-5.2.6.RELEASE.jar:/home/roymer/.m2/repository/org/springframework/boot/spring-boot-starter-web/2.3.0.RELEASE/spring-boot-starter-web-2.3.0.RELEASE.jar:/home/roymer/.m2/repository/org/springframework/boot/spring-boot-starter/2.3.0.RELEASE/spring-boot-starter-2.3.0.RELEASE.jar:/home/roymer/.m2/repository/org/springframework/boot/spring-boot/2.3.0.RELEASE/spring-boot-2.3.0.RELEASE.jar:/home/roymer/.m2/repository/org/springframework/boot/spring-boot-autoconfigure/2.3.0.RELEASE/spring-boot-autoconfigure-2.3.0.RELEASE.jar:/home/roymer/.m2/repository/org/springframework/boot/spring-boot-starter-logging/2.3.0.RELEASE/spring-boot-starter-logging-2.3.0.RELEASE.jar:/home/roymer/.m2/repository/ch/qos/logback/logback-classic/1.2.3/logback-classic-1.2.3.jar:/home/roymer/.m2/repository/ch/qos/logback/logback-core/1.2.3/logback-core-1.2.3.jar:/home/roymer/.m2/repository/org/apache/logging/log4j/log4j-to-slf4j/2.13.2/log4j-to-slf4j-2.13.2.jar:/home/roymer/.m2/repository/org/apache/logging/log4j/log4j-api/2.13.2/log4j-api-2.13.2.jar:/home/roymer/.m2/repository/org/slf4j/jul-to-slf4j/1.7.30/jul-to-slf4j-1.7.30.jar:/home/roymer/.m2/repository/jakarta/annotation/jakarta.annotation-api/1.3.5/jakarta.annotation-api-1.3.5.jar:/home/roymer/.m2/repository/org/yaml/snakeyaml/1.26/snakeyaml-1.26.jar:/home/roymer/.m2/repository/org/springframework/boot/spring-boot-starter-json/2.3.0.RELEASE/spring-boot-starter-json-2.3.0.RELEASE.jar:/home/roymer/.m2/repository/com/fasterxml/jackson/core/jackson-databind/2.11.0/jackson-databind-2.11.0.jar:/home/roymer/.m2/repository/com/fasterxml/jackson/core/jackson-annotations/2.11.0/jackson-annotations-2.11.0.jar:/home/roymer/.m2/repository/com/fasterxml/jackson/datatype/jackson-datatype-jdk8/2.11.0/jackson-datatype-jdk8-2.11.0.jar:/home/roymer/.m2/repository/com/fasterxml/jackson/datatype/jackson-datatype-jsr310/2.11.0/jackson-datatype-jsr310-2.11.0.jar:/home/roymer/.m2/repository/com/fasterxml/jackson/module/jackson-module-parameter-names/2.11.0/jackson-module-parameter-names-2.11.0.jar:/home/roymer/.m2/repository/org/springframework/boot/spring-boot-starter-tomcat/2.3.0.RELEASE/spring-boot-starter-tomcat-2.3.0.RELEASE.jar:/home/roymer/.m2/repository/org/apache/tomcat/embed/tomcat-embed-core/9.0.35/tomcat-embed-core-9.0.35.jar:/home/roymer/.m2/repository/org/glassfish/jakarta.el/3.0.3/jakarta.el-3.0.3.jar:/home/roymer/.m2/repository/org/apache/tomcat/embed/tomcat-embed-websocket/9.0.35/tomcat-embed-websocket-9.0.35.jar:/home/roymer/.m2/repository/org/springframework/spring-web/5.2.6.RELEASE/spring-web-5.2.6.RELEASE.jar:/home/roymer/.m2/repository/org/springframework/spring-webmvc/5.2.6.RELEASE/spring-webmvc-5.2.6.RELEASE.jar:/home/roymer/.m2/repository/org/springframework/spring-expression/5.2.6.RELEASE/spring-expression-5.2.6.RELEASE.jar:/home/roymer/.m2/repository/com/fasterxml/jackson/core/jackson-core/2.11.0/jackson-core-2.11.0.jar:/home/roymer/.m2/repository/org/springframework/kafka/spring-kafka/2.5.0.RELEASE/spring-kafka-2.5.0.RELEASE.jar:/home/roymer/.m2/repository/org/springframework/spring-context/5.2.6.RELEASE/spring-context-5.2.6.RELEASE.jar:/home/roymer/.m2/repository/org/springframework/spring-messaging/5.2.6.RELEASE/spring-messaging-5.2.6.RELEASE.jar:/home/roymer/.m2/repository/org/springframework/spring-tx/5.2.6.RELEASE/spring-tx-5.2.6.RELEASE.jar:/home/roymer/.m2/repository/org/springframework/retry/spring-retry/1.2.5.RELEASE/spring-retry-1.2.5.RELEASE.jar:/home/roymer/.m2/repository/org/apache/kafka/kafka-clients/2.5.0/kafka-clients-2.5.0.jar:/home/roymer/.m2/repository/com/github/luben/zstd-jni/1.4.4-7/zstd-jni-1.4.4-7.jar:/home/roymer/.m2/repository/org/lz4/lz4-java/1.7.1/lz4-java-1.7.1.jar:/home/roymer/.m2/repository/org/xerial/snappy/snappy-java/1.1.7.3/snappy-java-1.1.7.3.jar:/home/roymer/.m2/repository/org/projectlombok/lombok/1.18.12/lombok-1.18.12.jar:/home/roymer/.m2/repository/com/h2database/h2/1.4.200/h2-1.4.200.jar:/home/roymer/.m2/repository/com/oracle/ojdbc/ojdbc8/19.3.0.0/ojdbc8-19.3.0.0.jar:/home/roymer/.m2/repository/com/oracle/ojdbc/ucp/19.3.0.0/ucp-19.3.0.0.jar:/home/roymer/.m2/repository/com/oracle/ojdbc/oraclepki/19.3.0.0/oraclepki-19.3.0.0.jar:/home/roymer/.m2/repository/com/oracle/ojdbc/osdt_cert/19.3.0.0/osdt_cert-19.3.0.0.jar:/home/roymer/.m2/repository/com/oracle/ojdbc/osdt_core/19.3.0.0/osdt_core-19.3.0.0.jar:/home/roymer/.m2/repository/com/oracle/ojdbc/simplefan/19.3.0.0/simplefan-19.3.0.0.jar:/home/roymer/.m2/repository/com/oracle/ojdbc/ons/19.3.0.0/ons-19.3.0.0.jar:/home/roymer/.m2/repository/org/springframework/boot/spring-boot-starter-test/2.3.0.RELEASE/spring-boot-starter-test-2.3.0.RELEASE.jar:/home/roymer/.m2/repository/org/springframework/boot/spring-boot-test/2.3.0.RELEASE/spring-boot-test-2.3.0.RELEASE.jar:/home/roymer/.m2/repository/org/springframework/boot/spring-boot-test-autoconfigure/2.3.0.RELEASE/spring-boot-test-autoconfigure-2.3.0.RELEASE.jar:/home/roymer/.m2/repository/com/jayway/jsonpath/json-path/2.4.0/json-path-2.4.0.jar:/home/roymer/.m2/repository/net/minidev/json-smart/2.3/json-smart-2.3.jar:/home/roymer/.m2/repository/net/minidev/accessors-smart/1.2/accessors-smart-1.2.jar:/home/roymer/.m2/repository/org/ow2/asm/asm/5.0.4/asm-5.0.4.jar:/home/roymer/.m2/repository/jakarta/xml/bind/jakarta.xml.bind-api/2.3.3/jakarta.xml.bind-api-2.3.3.jar:/home/roymer/.m2/repository/jakarta/activation/jakarta.activation-api/1.2.2/jakarta.activation-api-1.2.2.jar:/home/roymer/.m2/repository/org/assertj/assertj-core/3.16.1/assertj-core-3.16.1.jar:/home/roymer/.m2/repository/org/hamcrest/hamcrest/2.2/hamcrest-2.2.jar:/home/roymer/.m2/repository/org/junit/jupiter/junit-jupiter/5.6.2/junit-jupiter-5.6.2.jar:/home/roymer/.m2/repository/org/junit/jupiter/junit-jupiter-api/5.6.2/junit-jupiter-api-5.6.2.jar:/home/roymer/.m2/repository/org/apiguardian/apiguardian-api/1.1.0/apiguardian-api-1.1.0.jar:/home/roymer/.m2/repository/org/opentest4j/opentest4j/1.2.0/opentest4j-1.2.0.jar:/home/roymer/.m2/repository/org/junit/platform/junit-platform-commons/1.6.2/junit-platform-commons-1.6.2.jar:/home/roymer/.m2/repository/org/junit/jupiter/junit-jupiter-params/5.6.2/junit-jupiter-params-5.6.2.jar:/home/roymer/.m2/repository/org/junit/jupiter/junit-jupiter-engine/5.6.2/junit-jupiter-engine-5.6.2.jar:/home/roymer/.m2/repository/org/junit/platform/junit-platform-engine/1.6.2/junit-platform-engine-1.6.2.jar:/home/roymer/.m2/repository/org/mockito/mockito-core/3.3.3/mockito-core-3.3.3.jar:/home/roymer/.m2/repository/net/bytebuddy/byte-buddy-agent/1.10.10/byte-buddy-agent-1.10.10.jar:/home/roymer/.m2/repository/org/objenesis/objenesis/2.6/objenesis-2.6.jar:/home/roymer/.m2/repository/org/mockito/mockito-junit-jupiter/3.3.3/mockito-junit-jupiter-3.3.3.jar:/home/roymer/.m2/repository/org/skyscreamer/jsonassert/1.5.0/jsonassert-1.5.0.jar:/home/roymer/.m2/repository/com/vaadin/external/google/android-json/0.0.20131108.vaadin1/android-json-0.0.20131108.vaadin1.jar:/home/roymer/.m2/repository/org/springframework/spring-core/5.2.6.RELEASE/spring-core-5.2.6.RELEASE.jar:/home/roymer/.m2/repository/org/springframework/spring-jcl/5.2.6.RELEASE/spring-jcl-5.2.6.RELEASE.jar:/home/roymer/.m2/repository/org/springframework/spring-test/5.2.6.RELEASE/spring-test-5.2.6.RELEASE.jar:/home/roymer/.m2/repository/org/xmlunit/xmlunit-core/2.7.0/xmlunit-core-2.7.0.jar:"/>
    <property name="sun.cpu.endian" value="little"/>
    <property name="user.home" value="/home/roymer"/>
    <property name="user.language" value="es"/>
    <property name="java.specification.vendor" value="Oracle Corporation"/>
    <property name="java.home" value="/home/roymer/Descargas/jdk/jdk-8u211-linux-x64/jdk1.8.0_211/jre"/>
    <property name="basedir" value="/home/roymer/Escritorio/Curso Udemy/workspace/spring-boot-web-data-jpa"/>
    <property name="file.separator" value="/"/>
    <property name="line.separator" value="&#10;"/>
    <property name="java.vm.specification.vendor" value="Oracle Corporation"/>
    <property name="java.specification.name" value="Java Platform API Specification"/>
    <property name="java.awt.graphicsenv" value="sun.awt.X11GraphicsEnvironment"/>
    <property name="surefire.real.class.path" value="/home/roymer/Escritorio/Curso Udemy/workspace/spring-boot-web-data-jpa/target/surefire/surefirebooter2100748600750426660.jar"/>
    <property name="sun.boot.class.path" value="/home/roymer/Descargas/jdk/jdk-8u211-linux-x64/jdk1.8.0_211/jre/lib/resources.jar:/home/roymer/Descargas/jdk/jdk-8u211-linux-x64/jdk1.8.0_211/jre/lib/rt.jar:/home/roymer/Descargas/jdk/jdk-8u211-linux-x64/jdk1.8.0_211/jre/lib/sunrsasign.jar:/home/roymer/Descargas/jdk/jdk-8u211-linux-x64/jdk1.8.0_211/jre/lib/jsse.jar:/home/roymer/Descargas/jdk/jdk-8u211-linux-x64/jdk1.8.0_211/jre/lib/jce.jar:/home/roymer/Descargas/jdk/jdk-8u211-linux-x64/jdk1.8.0_211/jre/lib/charsets.jar:/home/roymer/Descargas/jdk/jdk-8u211-linux-x64/jdk1.8.0_211/jre/lib/jfr.jar:/home/roymer/Descargas/jdk/jdk-8u211-linux-x64/jdk1.8.0_211/jre/classes"/>
    <property name="sun.management.compiler" value="HotSpot 64-Bit Tiered Compilers"/>
    <property name="java.runtime.version" value="1.8.0_211-b12"/>
    <property name="user.name" value="roymer"/>
    <property name="path.separator" value=":"/>
    <property name="os.version" value="5.3.0-51-generic"/>
    <property name="java.endorsed.dirs" value="/home/roymer/Descargas/jdk/jdk-8u211-linux-x64/jdk1.8.0_211/jre/lib/endorsed"/>
    <property name="java.runtime.name" value="Java(TM) SE Runtime Environment"/>
    <property name="file.encoding" value="UTF-8"/>
    <property name="java.vm.name" value="Java HotSpot(TM) 64-Bit Server VM"/>
    <property name="localRepository" value="/home/roymer/.m2/repository"/>
    <property name="java.vendor.url.bug" value="http://bugreport.sun.com/bugreport/"/>
    <property name="java.io.tmpdir" value="/tmp"/>
    <property name="java.version" value="1.8.0_211"/>
    <property name="user.dir" value="/home/roymer/Escritorio/Curso Udemy/workspace/spring-boot-web-data-jpa"/>
    <property name="os.arch" value="amd64"/>
    <property name="java.vm.specification.name" value="Java Virtual Machine Specification"/>
    <property name="java.awt.printerjob" value="sun.print.PSPrinterJob"/>
    <property name="sun.os.patch.level" value="unknown"/>
    <property name="java.library.path" value="/usr/java/packages/lib/amd64:/usr/lib64:/lib64:/lib:/usr/lib"/>
    <property name="java.vm.info" value="mixed mode"/>
    <property name="java.vendor" value="Oracle Corporation"/>
    <property name="java.vm.version" value="25.211-b12"/>
    <property name="java.ext.dirs" value="/home/roymer/Descargas/jdk/jdk-8u211-linux-x64/jdk1.8.0_211/jre/lib/ext:/usr/java/packages/lib/ext"/>
    <property name="sun.io.unicode.encoding" value="UnicodeLittle"/>
    <property name="java.class.version" value="52.0"/>
  </properties>
  <testcase name="com.bolsadeideas.springboot.app.SpringBootWebDataJpaApplicationTests" classname="com.bolsadeideas.springboot.app.SpringBootWebDataJpaApplicationTests" time="0.845">
    <error message="Unable to find a @SpringBootConfiguration, you need to use @ContextConfiguration or @SpringBootTest(classes=...) with your test" type="java.lang.IllegalStateException">java.lang.IllegalStateException: Unable to find a @SpringBootConfiguration, you need to use @ContextConfiguration or @SpringBootTest(classes=...) with your test
</error>
    <system-out><![CDATA[11:05:51.029 [main] DEBUG org.springframework.test.context.BootstrapUtils - Instantiating CacheAwareContextLoaderDelegate from class [org.springframework.test.context.cache.DefaultCacheAwareContextLoaderDelegate]
11:05:51.065 [main] DEBUG org.springframework.test.context.BootstrapUtils - Instantiating BootstrapContext using constructor [public org.springframework.test.context.support.DefaultBootstrapContext(java.lang.Class,org.springframework.test.context.CacheAwareContextLoaderDelegate)]
11:05:51.159 [main] DEBUG org.springframework.test.context.BootstrapUtils - Instantiating TestContextBootstrapper for test class [com.bolsadeideas.springboot.app.SpringBootWebDataJpaApplicationTests] from class [org.springframework.boot.test.context.SpringBootTestContextBootstrapper]
11:05:51.201 [main] INFO org.springframework.boot.test.context.SpringBootTestContextBootstrapper - Neither @ContextConfiguration nor @ContextHierarchy found for test class [com.bolsadeideas.springboot.app.SpringBootWebDataJpaApplicationTests], using SpringBootContextLoader
11:05:51.211 [main] DEBUG org.springframework.test.context.support.AbstractContextLoader - Did not detect default resource location for test class [com.bolsadeideas.springboot.app.SpringBootWebDataJpaApplicationTests]: class path resource [com/bolsadeideas/springboot/app/SpringBootWebDataJpaApplicationTests-context.xml] does not exist
11:05:51.212 [main] DEBUG org.springframework.test.context.support.AbstractContextLoader - Did not detect default resource location for test class [com.bolsadeideas.springboot.app.SpringBootWebDataJpaApplicationTests]: class path resource [com/bolsadeideas/springboot/app/SpringBootWebDataJpaApplicationTestsContext.groovy] does not exist
11:05:51.214 [main] INFO org.springframework.test.context.support.AbstractContextLoader - Could not detect default resource locations for test class [com.bolsadeideas.springboot.app.SpringBootWebDataJpaApplicationTests]: no resource found for suffixes {-context.xml, Context.groovy}.
11:05:51.216 [main] INFO org.springframework.test.context.support.AnnotationConfigContextLoaderUtils - Could not detect default configuration classes for test class [com.bolsadeideas.springboot.app.SpringBootWebDataJpaApplicationTests]: SpringBootWebDataJpaApplicationTests does not declare any static, non-private, non-final, nested classes annotated with @Configuration.
11:05:51.325 [main] DEBUG org.springframework.test.context.support.ActiveProfilesUtils - Could not find an 'annotation declaring class' for annotation type [org.springframework.test.context.ActiveProfiles] and class [com.bolsadeideas.springboot.app.SpringBootWebDataJpaApplicationTests]
11:05:51.500 [main] DEBUG org.springframework.test.context.BootstrapUtils - Instantiating CacheAwareContextLoaderDelegate from class [org.springframework.test.context.cache.DefaultCacheAwareContextLoaderDelegate]
11:05:51.501 [main] DEBUG org.springframework.test.context.BootstrapUtils - Instantiating BootstrapContext using constructor [public org.springframework.test.context.support.DefaultBootstrapContext(java.lang.Class,org.springframework.test.context.CacheAwareContextLoaderDelegate)]
11:05:51.502 [main] DEBUG org.springframework.test.context.BootstrapUtils - Instantiating TestContextBootstrapper for test class [com.bolsadeideas.springboot.app.SpringBootWebDataJpaApplicationTests] from class [org.springframework.boot.test.context.SpringBootTestContextBootstrapper]
11:05:51.505 [main] INFO org.springframework.boot.test.context.SpringBootTestContextBootstrapper - Neither @ContextConfiguration nor @ContextHierarchy found for test class [com.bolsadeideas.springboot.app.SpringBootWebDataJpaApplicationTests], using SpringBootContextLoader
11:05:51.509 [main] DEBUG org.springframework.test.context.support.AbstractContextLoader - Did not detect default resource location for test class [com.bolsadeideas.springboot.app.SpringBootWebDataJpaApplicationTests]: class path resource [com/bolsadeideas/springboot/app/SpringBootWebDataJpaApplicationTests-context.xml] does not exist
11:05:51.510 [main] DEBUG org.springframework.test.context.support.AbstractContextLoader - Did not detect default resource location for test class [com.bolsadeideas.springboot.app.SpringBootWebDataJpaApplicationTests]: class path resource [com/bolsadeideas/springboot/app/SpringBootWebDataJpaApplicationTestsContext.groovy] does not exist
11:05:51.510 [main] INFO org.springframework.test.context.support.AbstractContextLoader - Could not detect default resource locations for test class [com.bolsadeideas.springboot.app.SpringBootWebDataJpaApplicationTests]: no resource found for suffixes {-context.xml, Context.groovy}.
11:05:51.512 [main] INFO org.springframework.test.context.support.AnnotationConfigContextLoaderUtils - Could not detect default configuration classes for test class [com.bolsadeideas.springboot.app.SpringBootWebDataJpaApplicationTests]: SpringBootWebDataJpaApplicationTests does not declare any static, non-private, non-final, nested classes annotated with @Configuration.
11:05:51.515 [main] DEBUG org.springframework.test.context.support.ActiveProfilesUtils - Could not find an 'annotation declaring class' for annotation type [org.springframework.test.context.ActiveProfiles] and class [com.bolsadeideas.springboot.app.SpringBootWebDataJpaApplicationTests]
11:05:51.562 [main] DEBUG org.springframework.test.context.BootstrapUtils - Instantiating CacheAwareContextLoaderDelegate from class [org.springframework.test.context.cache.DefaultCacheAwareContextLoaderDelegate]
11:05:51.563 [main] DEBUG org.springframework.test.context.BootstrapUtils - Instantiating BootstrapContext using constructor [public org.springframework.test.context.support.DefaultBootstrapContext(java.lang.Class,org.springframework.test.context.CacheAwareContextLoaderDelegate)]
11:05:51.565 [main] DEBUG org.springframework.test.context.BootstrapUtils - Instantiating TestContextBootstrapper for test class [com.bolsadeideas.springboot.app.SpringBootWebDataJpaApplicationTests] from class [org.springframework.boot.test.context.SpringBootTestContextBootstrapper]
11:05:51.586 [main] INFO org.springframework.boot.test.context.SpringBootTestContextBootstrapper - Neither @ContextConfiguration nor @ContextHierarchy found for test class [com.bolsadeideas.springboot.app.SpringBootWebDataJpaApplicationTests], using SpringBootContextLoader
11:05:51.589 [main] DEBUG org.springframework.test.context.support.AbstractContextLoader - Did not detect default resource location for test class [com.bolsadeideas.springboot.app.SpringBootWebDataJpaApplicationTests]: class path resource [com/bolsadeideas/springboot/app/SpringBootWebDataJpaApplicationTests-context.xml] does not exist
11:05:51.592 [main] DEBUG org.springframework.test.context.support.AbstractContextLoader - Did not detect default resource location for test class [com.bolsadeideas.springboot.app.SpringBootWebDataJpaApplicationTests]: class path resource [com/bolsadeideas/springboot/app/SpringBootWebDataJpaApplicationTestsContext.groovy] does not exist
11:05:51.592 [main] INFO org.springframework.test.context.support.AbstractContextLoader - Could not detect default resource locations for test class [com.bolsadeideas.springboot.app.SpringBootWebDataJpaApplicationTests]: no resource found for suffixes {-context.xml, Context.groovy}.
11:05:51.593 [main] INFO org.springframework.test.context.support.AnnotationConfigContextLoaderUtils - Could not detect default configuration classes for test class [com.bolsadeideas.springboot.app.SpringBootWebDataJpaApplicationTests]: SpringBootWebDataJpaApplicationTests does not declare any static, non-private, non-final, nested classes annotated with @Configuration.
11:05:51.598 [main] DEBUG org.springframework.test.context.support.ActiveProfilesUtils - Could not find an 'annotation declaring class' for annotation type [org.springframework.test.context.ActiveProfiles] and class [com.bolsadeideas.springboot.app.SpringBootWebDataJpaApplicationTests]
]]></system-out>
  </testcase>
</testsuite>